*****************RUN STARTS HERE!*****************
Filename: /home/mdohlen/NNIHeuristic/sim-flies/100e6-1x/194/194.coal5.align
Program Start: 2016-06-03 16:58:38
Sample Size: 100
Threshold: 25

Loop Iteration: 1
Loop Start Time: 16:58:52
Current Tree
Feasibility: False
Score: 10098
Tree:
('Anc', ('Anc', ('Anc', ('Anc', ('Anc', ('dper_17_1', (), ()), ('dpse_16_1', (), ())), ('Anc', ('dpse_16', (), ()), ('dper_17', (), ()))), ('Anc', ('Anc', ('Anc', ('dwil_19', (), ()), ('Anc', ('dgri_25_1', (), ()), ('dgri_25', (), ()))), ('Anc', ('Anc', ('dvir_24_1', (), ()), ('dvir_24', (), ())), ('Anc', ('dmoj_23_1', (), ()), ('dmoj_23', (), ())))), ('Anc', ('Anc', ('dwil_19_1', (), ()), ('dwil_20_1', (), ())), ('Anc', ('dwil_20', (), ()), ('Anc', ('Anc', ('Anc', ('dere_12_1', (), ()), ('dyak_13_1', (), ())), ('Anc', ('dere_12', (), ()), ('dmel_7_1', (), ()))), ('Anc', ('dsec_9_1', (), ()), ('Anc', ('Anc', ('dsim_10_1', (), ()), ('dsim_10', (), ())), ('dsec_9', (), ())))))))), ('Anc', ('dyak_13', (), ()), ('dmel_7', (), ()))), ('Anc', ('dana_14_1', (), ()), ('dana_14', (), ())))

Number of Feasible Neighbor Trees: 0
Number of Infeasible Neighbor Trees: 43
Threshold counter: 1

Searching Infeasible Space
Next Best Infeasible Tree

Loop Iteration: 2
Loop Start Time: 17:07:26
Current Tree
Feasibility: False
Score: 10100
Tree:
('Anc', ('Anc', ('Anc', ('dvir_24_1', (), ()), ('dvir_24', (), ())), ('Anc', ('Anc', ('Anc', ('dwil_19_1', (), ()), ('dwil_20_1', (), ())), ('Anc', ('dwil_20', (), ()), ('Anc', ('Anc', ('Anc', ('dere_12_1', (), ()), ('dyak_13_1', (), ())), ('Anc', ('dere_12', (), ()), ('dmel_7_1', (), ()))), ('Anc', ('dsec_9_1', (), ()), ('Anc', ('Anc', ('dsim_10_1', (), ()), ('dsim_10', (), ())), ('dsec_9', (), ())))))), ('Anc', ('Anc', ('Anc', ('dper_17_1', (), ()), ('dpse_16_1', (), ())), ('Anc', ('dpse_16', (), ()), ('dper_17', (), ()))), ('Anc', ('Anc', ('dyak_13', (), ()), ('dmel_7', (), ())), ('Anc', ('dana_14_1', (), ()), ('dana_14', (), ())))))), ('Anc', ('Anc', ('dwil_19', (), ()), ('Anc', ('dgri_25_1', (), ()), ('dgri_25', (), ()))), ('Anc', ('dmoj_23_1', (), ()), ('dmoj_23', (), ()))))

Number of Feasible Neighbor Trees: 0
Number of Infeasible Neighbor Trees: 43
Threshold counter: 2

Searching Infeasible Space
Next Best Infeasible Tree

Loop Iteration: 3
Loop Start Time: 17:15:49
Current Tree
Feasibility: False
Score: 10101
Tree:
('Anc', ('Anc', ('Anc', ('Anc', ('dper_17_1', (), ()), ('dpse_16_1', (), ())), ('Anc', ('dpse_16', (), ()), ('dper_17', (), ()))), ('Anc', ('Anc', ('dwil_19_1', (), ()), ('dwil_20_1', (), ())), ('Anc', ('dwil_20', (), ()), ('Anc', ('Anc', ('Anc', ('dere_12_1', (), ()), ('dyak_13_1', (), ())), ('Anc', ('dere_12', (), ()), ('dmel_7_1', (), ()))), ('Anc', ('dsec_9_1', (), ()), ('Anc', ('Anc', ('dsim_10_1', (), ()), ('dsim_10', (), ())), ('dsec_9', (), ()))))))), ('Anc', ('Anc', ('Anc', ('dyak_13', (), ()), ('dmel_7', (), ())), ('Anc', ('dana_14_1', (), ()), ('dana_14', (), ()))), ('Anc', ('Anc', ('dvir_24_1', (), ()), ('dvir_24', (), ())), ('Anc', ('Anc', ('dwil_19', (), ()), ('Anc', ('dgri_25_1', (), ()), ('dgri_25', (), ()))), ('Anc', ('dmoj_23_1', (), ()), ('dmoj_23', (), ()))))))

Number of Feasible Neighbor Trees: 0
Number of Infeasible Neighbor Trees: 43
Threshold counter: 3

Searching Infeasible Space
Next Best Infeasible Tree

Loop Iteration: 4
Loop Start Time: 17:24:16
Current Tree
Feasibility: False
Score: 10102
Tree:
('Anc', ('Anc', ('Anc', ('dwil_19_1', (), ()), ('dwil_20_1', (), ())), ('Anc', ('Anc', ('Anc', ('dyak_13', (), ()), ('dmel_7', (), ())), ('Anc', ('dana_14_1', (), ()), ('dana_14', (), ()))), ('Anc', ('Anc', ('dvir_24_1', (), ()), ('dvir_24', (), ())), ('Anc', ('Anc', ('dwil_19', (), ()), ('Anc', ('dgri_25_1', (), ()), ('dgri_25', (), ()))), ('Anc', ('dmoj_23_1', (), ()), ('dmoj_23', (), ())))))), ('Anc', ('Anc', ('Anc', ('dper_17_1', (), ()), ('dpse_16_1', (), ())), ('Anc', ('dpse_16', (), ()), ('dper_17', (), ()))), ('Anc', ('dwil_20', (), ()), ('Anc', ('Anc', ('Anc', ('dere_12_1', (), ()), ('dyak_13_1', (), ())), ('Anc', ('dere_12', (), ()), ('dmel_7_1', (), ()))), ('Anc', ('dsec_9_1', (), ()), ('Anc', ('Anc', ('dsim_10_1', (), ()), ('dsim_10', (), ())), ('dsec_9', (), ())))))))

Number of Feasible Neighbor Trees: 0
Number of Infeasible Neighbor Trees: 43
Threshold counter: 4

Searching Infeasible Space
Next Best Infeasible Tree

Loop Iteration: 5
Loop Start Time: 17:32:43
Current Tree
Feasibility: False
Score: 10105
Tree:
('Anc', ('Anc', ('Anc', ('Anc', ('dyak_13', (), ()), ('dmel_7', (), ())), ('Anc', ('dana_14_1', (), ()), ('dana_14', (), ()))), ('Anc', ('Anc', ('Anc', ('dper_17_1', (), ()), ('dpse_16_1', (), ())), ('Anc', ('dpse_16', (), ()), ('dper_17', (), ()))), ('Anc', ('dwil_20', (), ()), ('Anc', ('Anc', ('Anc', ('dere_12_1', (), ()), ('dyak_13_1', (), ())), ('Anc', ('dere_12', (), ()), ('dmel_7_1', (), ()))), ('Anc', ('dsec_9_1', (), ()), ('Anc', ('Anc', ('dsim_10_1', (), ()), ('dsim_10', (), ())), ('dsec_9', (), ()))))))), ('Anc', ('Anc', ('dwil_19_1', (), ()), ('dwil_20_1', (), ())), ('Anc', ('Anc', ('dvir_24_1', (), ()), ('dvir_24', (), ())), ('Anc', ('Anc', ('dwil_19', (), ()), ('Anc', ('dgri_25_1', (), ()), ('dgri_25', (), ()))), ('Anc', ('dmoj_23_1', (), ()), ('dmoj_23', (), ()))))))

Number of Feasible Neighbor Trees: 1
Number of Infeasible Neighbor Trees: 42
Found a New Feasible Tree!

Loop Iteration: 6
Loop Start Time: 17:32:55
Current Tree
Feasibility: True
Score: 10096
Tree:
('Anc', ('Anc', ('Anc', ('Anc', ('Anc', ('dyak_13', (), ()), ('dmel_7', (), ())), ('Anc', ('dana_14_1', (), ()), ('dana_14', (), ()))), ('Anc', ('Anc', ('Anc', ('dper_17_1', (), ()), ('dpse_16_1', (), ())), ('Anc', ('dpse_16', (), ()), ('dper_17', (), ()))), ('Anc', ('dwil_20', (), ()), ('Anc', ('Anc', ('Anc', ('dere_12_1', (), ()), ('dyak_13_1', (), ())), ('Anc', ('dere_12', (), ()), ('dmel_7_1', (), ()))), ('Anc', ('dsec_9_1', (), ()), ('Anc', ('Anc', ('dsim_10_1', (), ()), ('dsim_10', (), ())), ('dsec_9', (), ()))))))), ('dwil_20_1', (), ())), ('Anc', ('dwil_19_1', (), ()), ('Anc', ('Anc', ('dvir_24_1', (), ()), ('dvir_24', (), ())), ('Anc', ('Anc', ('dwil_19', (), ()), ('Anc', ('dgri_25_1', (), ()), ('dgri_25', (), ()))), ('Anc', ('dmoj_23_1', (), ()), ('dmoj_23', (), ()))))))

Number of Feasible Neighbor Trees: 43
Number of Infeasible Neighbor Trees: 0
Found a New Feasible Tree!

Loop Iteration: 7
Loop Start Time: 17:41:23
Current Tree
Feasibility: True
Score: 10085
Tree:
('Anc', ('Anc', ('dere_12', (), ()), ('Anc', ('dere_12_1', (), ()), ('dyak_13_1', (), ()))), ('Anc', ('dmel_7_1', (), ()), ('Anc', ('Anc', ('dsec_9_1', (), ()), ('Anc', ('Anc', ('dsim_10_1', (), ()), ('dsim_10', (), ())), ('dsec_9', (), ()))), ('Anc', ('dwil_20', (), ()), ('Anc', ('Anc', ('Anc', ('dper_17_1', (), ()), ('dpse_16_1', (), ())), ('Anc', ('dpse_16', (), ()), ('dper_17', (), ()))), ('Anc', ('Anc', ('Anc', ('dyak_13', (), ()), ('dmel_7', (), ())), ('Anc', ('dana_14_1', (), ()), ('dana_14', (), ()))), ('Anc', ('dwil_20_1', (), ()), ('Anc', ('dwil_19_1', (), ()), ('Anc', ('Anc', ('dvir_24_1', (), ()), ('dvir_24', (), ())), ('Anc', ('Anc', ('dwil_19', (), ()), ('Anc', ('dgri_25_1', (), ()), ('dgri_25', (), ()))), ('Anc', ('dmoj_23_1', (), ()), ('dmoj_23', (), ()))))))))))))

Number of Feasible Neighbor Trees: 41
Number of Infeasible Neighbor Trees: 2
Found a New Feasible Tree!

Loop Iteration: 8
Loop Start Time: 17:49:31
Current Tree
Feasibility: True
Score: 10074
Tree:
('Anc', ('Anc', ('Anc', ('Anc', ('Anc', ('Anc', ('dere_12', (), ()), ('Anc', ('dere_12_1', (), ()), ('dyak_13_1', (), ()))), ('dmel_7_1', (), ())), ('Anc', ('dsec_9_1', (), ()), ('Anc', ('Anc', ('dsim_10_1', (), ()), ('dsim_10', (), ())), ('dsec_9', (), ())))), ('dwil_20', (), ())), ('Anc', ('dwil_20_1', (), ()), ('Anc', ('dwil_19_1', (), ()), ('Anc', ('Anc', ('dvir_24_1', (), ()), ('dvir_24', (), ())), ('Anc', ('Anc', ('dwil_19', (), ()), ('Anc', ('dgri_25_1', (), ()), ('dgri_25', (), ()))), ('Anc', ('dmoj_23_1', (), ()), ('dmoj_23', (), ()))))))), ('Anc', ('Anc', ('Anc', ('dyak_13', (), ()), ('dmel_7', (), ())), ('Anc', ('dana_14_1', (), ()), ('dana_14', (), ()))), ('Anc', ('Anc', ('dper_17_1', (), ()), ('dpse_16_1', (), ())), ('Anc', ('dpse_16', (), ()), ('dper_17', (), ())))))

Number of Feasible Neighbor Trees: 41
Number of Infeasible Neighbor Trees: 2
Best Possible Feasible Tree Found
('Anc', ('Anc', ('Anc', ('dere_12', (), ()), ('Anc', ('dere_12_1', (), ()), ('dyak_13_1', (), ()))), ('Anc', ('dsec_9_1', (), ()), ('Anc', ('Anc', ('dsim_10_1', (), ()), ('dsim_10', (), ())), ('dsec_9', (), ())))), ('Anc', ('dmel_7_1', (), ()), ('Anc', ('dwil_20', (), ()), ('Anc', ('Anc', ('dwil_20_1', (), ()), ('Anc', ('dwil_19_1', (), ()), ('Anc', ('Anc', ('dvir_24_1', (), ()), ('dvir_24', (), ())), ('Anc', ('Anc', ('dwil_19', (), ()), ('Anc', ('dgri_25_1', (), ()), ('dgri_25', (), ()))), ('Anc', ('dmoj_23_1', (), ()), ('dmoj_23', (), ())))))), ('Anc', ('Anc', ('Anc', ('dyak_13', (), ()), ('dmel_7', (), ())), ('Anc', ('dana_14_1', (), ()), ('dana_14', (), ()))), ('Anc', ('Anc', ('dper_17_1', (), ()), ('dpse_16_1', (), ())), ('Anc', ('dpse_16', (), ()), ('dper_17', (), ()))))))))
Score: 10074

Program End: 3539.665786 seconds

