*****************RUN STARTS HERE!*****************
Filename: /home/mdohlen/NNIHeuristic/sim-flies/100e6-1x/31/31.coal5.align
Program Start: 2016-06-03 13:01:17
Sample Size: 100
Threshold: 25

Loop Iteration: 1
Loop Start Time: 13:01:29
Current Tree
Feasibility: False
Score: 9542
Tree:
('Anc', ('Anc', ('Anc', ('dana_5_1', (), ()), ('dana_5', (), ())), ('Anc', ('Anc', ('dgri_22', (), ()), ('Anc', ('dmoj_20_1', (), ()), ('dmoj_20', (), ()))), ('Anc', ('dvir_21_1', (), ()), ('dwil_16', (), ())))), ('Anc', ('Anc', ('dper_12_1', (), ()), ('Anc', ('dpse_11_1', (), ()), ('Anc', ('dper_12', (), ()), ('dpse_11', (), ())))), ('Anc', ('Anc', ('Anc', ('dper_10_1', (), ()), ('Anc', ('dper_10', (), ()), ('dpse_9_1', (), ()))), ('dpse_9', (), ())), ('Anc', ('Anc', ('Anc', ('dgri_22_1', (), ()), ('dwil_16_1', (), ())), ('dwil_14', (), ())), ('Anc', ('Anc', ('dvir_21', (), ()), ('dwil_14_1', (), ())), ('Anc', ('dwil_17_1', (), ()), ('dwil_17', (), ())))))))

Number of Feasible Neighbor Trees: 0
Number of Infeasible Neighbor Trees: 35
Threshold counter: 1

Searching Infeasible Space
Next Best Infeasible Tree

Loop Iteration: 2
Loop Start Time: 13:07:28
Current Tree
Feasibility: False
Score: 9543
Tree:
('Anc', ('Anc', ('Anc', ('Anc', ('Anc', ('Anc', ('dana_5_1', (), ()), ('dana_5', (), ())), ('Anc', ('Anc', ('dgri_22', (), ()), ('Anc', ('dmoj_20_1', (), ()), ('dmoj_20', (), ()))), ('Anc', ('dvir_21_1', (), ()), ('dwil_16', (), ())))), ('Anc', ('dper_12_1', (), ()), ('Anc', ('dpse_11_1', (), ()), ('Anc', ('dper_12', (), ()), ('dpse_11', (), ()))))), ('Anc', ('Anc', ('dper_10_1', (), ()), ('Anc', ('dper_10', (), ()), ('dpse_9_1', (), ()))), ('dpse_9', (), ()))), ('dwil_14', (), ())), ('Anc', ('Anc', ('dgri_22_1', (), ()), ('dwil_16_1', (), ())), ('Anc', ('Anc', ('dvir_21', (), ()), ('dwil_14_1', (), ())), ('Anc', ('dwil_17_1', (), ()), ('dwil_17', (), ())))))

Number of Feasible Neighbor Trees: 0
Number of Infeasible Neighbor Trees: 35
Threshold counter: 2

Searching Infeasible Space
Next Best Infeasible Tree

Loop Iteration: 3
Loop Start Time: 13:13:29
Current Tree
Feasibility: False
Score: 9544
Tree:
('Anc', ('Anc', ('Anc', ('Anc', ('Anc', ('Anc', ('Anc', ('Anc', ('dana_5_1', (), ()), ('dana_5', (), ())), ('Anc', ('Anc', ('dgri_22', (), ()), ('Anc', ('dmoj_20_1', (), ()), ('dmoj_20', (), ()))), ('Anc', ('dvir_21_1', (), ()), ('dwil_16', (), ())))), ('Anc', ('dper_12_1', (), ()), ('Anc', ('dpse_11_1', (), ()), ('Anc', ('dper_12', (), ()), ('dpse_11', (), ()))))), ('Anc', ('Anc', ('dper_10_1', (), ()), ('Anc', ('dper_10', (), ()), ('dpse_9_1', (), ()))), ('dpse_9', (), ()))), ('dwil_14', (), ())), ('Anc', ('dgri_22_1', (), ()), ('dwil_16_1', (), ()))), ('dwil_14_1', (), ())), ('Anc', ('dvir_21', (), ()), ('Anc', ('dwil_17_1', (), ()), ('dwil_17', (), ()))))

Number of Feasible Neighbor Trees: 0
Number of Infeasible Neighbor Trees: 35
Threshold counter: 3

Searching Infeasible Space
Next Best Infeasible Tree

Loop Iteration: 4
Loop Start Time: 13:19:30
Current Tree
Feasibility: False
Score: 9546
Tree:
('Anc', ('Anc', ('dgri_22', (), ()), ('Anc', ('dvir_21_1', (), ()), ('dwil_16', (), ()))), ('Anc', ('Anc', ('dmoj_20_1', (), ()), ('dmoj_20', (), ())), ('Anc', ('Anc', ('dana_5_1', (), ()), ('dana_5', (), ())), ('Anc', ('Anc', ('dper_12_1', (), ()), ('Anc', ('dpse_11_1', (), ()), ('Anc', ('dper_12', (), ()), ('dpse_11', (), ())))), ('Anc', ('Anc', ('Anc', ('dper_10_1', (), ()), ('Anc', ('dper_10', (), ()), ('dpse_9_1', (), ()))), ('dpse_9', (), ())), ('Anc', ('dwil_14', (), ()), ('Anc', ('Anc', ('dgri_22_1', (), ()), ('dwil_16_1', (), ())), ('Anc', ('dwil_14_1', (), ()), ('Anc', ('dvir_21', (), ()), ('Anc', ('dwil_17_1', (), ()), ('dwil_17', (), ())))))))))))

Number of Feasible Neighbor Trees: 0
Number of Infeasible Neighbor Trees: 35
Threshold counter: 4

Searching Infeasible Space
Next Best Infeasible Tree

Loop Iteration: 5
Loop Start Time: 13:25:33
Current Tree
Feasibility: False
Score: 9547
Tree:
('Anc', ('Anc', ('Anc', ('Anc', ('Anc', ('Anc', ('Anc', ('Anc', ('Anc', ('dgri_22', (), ()), ('Anc', ('dvir_21_1', (), ()), ('dwil_16', (), ()))), ('Anc', ('dmoj_20_1', (), ()), ('dmoj_20', (), ()))), ('Anc', ('dana_5_1', (), ()), ('dana_5', (), ()))), ('Anc', ('dper_12_1', (), ()), ('Anc', ('dpse_11_1', (), ()), ('Anc', ('dper_12', (), ()), ('dpse_11', (), ()))))), ('Anc', ('Anc', ('dper_10_1', (), ()), ('Anc', ('dper_10', (), ()), ('dpse_9_1', (), ()))), ('dpse_9', (), ()))), ('dwil_14', (), ())), ('Anc', ('dgri_22_1', (), ()), ('dwil_16_1', (), ()))), ('dvir_21', (), ())), ('Anc', ('dwil_14_1', (), ()), ('Anc', ('dwil_17_1', (), ()), ('dwil_17', (), ()))))

Number of Feasible Neighbor Trees: 0
Number of Infeasible Neighbor Trees: 35
Threshold counter: 5

Searching Infeasible Space
Next Best Infeasible Tree

Loop Iteration: 6
Loop Start Time: 13:31:36
Current Tree
Feasibility: False
Score: 9548
Tree:
('Anc', ('Anc', ('Anc', ('Anc', ('Anc', ('Anc', ('Anc', ('Anc', ('dgri_22', (), ()), ('Anc', ('dvir_21_1', (), ()), ('dwil_16', (), ()))), ('Anc', ('dmoj_20_1', (), ()), ('dmoj_20', (), ()))), ('Anc', ('dana_5_1', (), ()), ('dana_5', (), ()))), ('Anc', ('dper_12_1', (), ()), ('Anc', ('dpse_11_1', (), ()), ('Anc', ('dper_12', (), ()), ('dpse_11', (), ()))))), ('Anc', ('Anc', ('dper_10_1', (), ()), ('Anc', ('dper_10', (), ()), ('dpse_9_1', (), ()))), ('dpse_9', (), ()))), ('dwil_14', (), ())), ('Anc', ('dwil_14_1', (), ()), ('Anc', ('dwil_17_1', (), ()), ('dwil_17', (), ())))), ('Anc', ('dvir_21', (), ()), ('Anc', ('dgri_22_1', (), ()), ('dwil_16_1', (), ()))))

Number of Feasible Neighbor Trees: 1
Number of Infeasible Neighbor Trees: 34
Found a New Feasible Tree!

Loop Iteration: 7
Loop Start Time: 13:31:46
Current Tree
Feasibility: True
Score: 9557
Tree:
('Anc', ('Anc', ('Anc', ('Anc', ('Anc', ('Anc', ('Anc', ('dgri_22', (), ()), ('Anc', ('dvir_21_1', (), ()), ('dwil_16', (), ()))), ('Anc', ('dmoj_20_1', (), ()), ('dmoj_20', (), ()))), ('Anc', ('dana_5_1', (), ()), ('dana_5', (), ()))), ('Anc', ('dper_12_1', (), ()), ('Anc', ('dpse_11_1', (), ()), ('Anc', ('dper_12', (), ()), ('dpse_11', (), ()))))), ('Anc', ('Anc', ('dper_10_1', (), ()), ('Anc', ('dper_10', (), ()), ('dpse_9_1', (), ()))), ('dpse_9', (), ()))), ('Anc', ('dvir_21', (), ()), ('Anc', ('dgri_22_1', (), ()), ('dwil_16_1', (), ())))), ('Anc', ('Anc', ('dwil_14_1', (), ()), ('Anc', ('dwil_17_1', (), ()), ('dwil_17', (), ()))), ('dwil_14', (), ())))

Number of Feasible Neighbor Trees: 33
Number of Infeasible Neighbor Trees: 2
Found a New Feasible Tree!

Loop Iteration: 8
Loop Start Time: 13:37:18
Current Tree
Feasibility: True
Score: 9538
Tree:
('Anc', ('Anc', ('Anc', ('Anc', ('Anc', ('Anc', ('Anc', ('Anc', ('dgri_22', (), ()), ('Anc', ('dvir_21_1', (), ()), ('dwil_16', (), ()))), ('Anc', ('dmoj_20_1', (), ()), ('dmoj_20', (), ()))), ('Anc', ('dana_5_1', (), ()), ('dana_5', (), ()))), ('Anc', ('dper_12_1', (), ()), ('Anc', ('dpse_11_1', (), ()), ('Anc', ('dper_12', (), ()), ('dpse_11', (), ()))))), ('Anc', ('Anc', ('dper_10_1', (), ()), ('Anc', ('dper_10', (), ()), ('dpse_9_1', (), ()))), ('dpse_9', (), ()))), ('Anc', ('dvir_21', (), ()), ('Anc', ('dgri_22_1', (), ()), ('dwil_16_1', (), ())))), ('dwil_14_1', (), ())), ('Anc', ('dwil_14', (), ()), ('Anc', ('dwil_17_1', (), ()), ('dwil_17', (), ()))))

Number of Feasible Neighbor Trees: 31
Number of Infeasible Neighbor Trees: 4
Found a New Feasible Tree!

Loop Iteration: 9
Loop Start Time: 13:42:21
Current Tree
Feasibility: True
Score: 9533
Tree:
('Anc', ('Anc', ('Anc', ('Anc', ('Anc', ('dgri_22', (), ()), ('Anc', ('dvir_21_1', (), ()), ('dwil_16', (), ()))), ('Anc', ('dmoj_20_1', (), ()), ('dmoj_20', (), ()))), ('Anc', ('dana_5_1', (), ()), ('dana_5', (), ()))), ('Anc', ('Anc', ('dvir_21', (), ()), ('Anc', ('dgri_22_1', (), ()), ('dwil_16_1', (), ()))), ('Anc', ('dwil_14_1', (), ()), ('Anc', ('dwil_14', (), ()), ('Anc', ('dwil_17_1', (), ()), ('dwil_17', (), ())))))), ('Anc', ('Anc', ('Anc', ('dper_10_1', (), ()), ('Anc', ('dper_10', (), ()), ('dpse_9_1', (), ()))), ('dpse_9', (), ())), ('Anc', ('dper_12_1', (), ()), ('Anc', ('dpse_11_1', (), ()), ('Anc', ('dper_12', (), ()), ('dpse_11', (), ()))))))

Number of Feasible Neighbor Trees: 31
Number of Infeasible Neighbor Trees: 4
Found a New Feasible Tree!

Loop Iteration: 10
Loop Start Time: 13:47:26
Current Tree
Feasibility: True
Score: 9529
Tree:
('Anc', ('Anc', ('dgri_22', (), ()), ('Anc', ('Anc', ('dana_5_1', (), ()), ('dana_5', (), ())), ('Anc', ('Anc', ('Anc', ('dvir_21', (), ()), ('Anc', ('dgri_22_1', (), ()), ('dwil_16_1', (), ()))), ('Anc', ('dwil_14_1', (), ()), ('Anc', ('dwil_14', (), ()), ('Anc', ('dwil_17_1', (), ()), ('dwil_17', (), ()))))), ('Anc', ('Anc', ('Anc', ('dper_10_1', (), ()), ('Anc', ('dper_10', (), ()), ('dpse_9_1', (), ()))), ('dpse_9', (), ())), ('Anc', ('dper_12_1', (), ()), ('Anc', ('dpse_11_1', (), ()), ('Anc', ('dper_12', (), ()), ('dpse_11', (), ())))))))), ('Anc', ('Anc', ('dmoj_20_1', (), ()), ('dmoj_20', (), ())), ('Anc', ('dvir_21_1', (), ()), ('dwil_16', (), ()))))

Number of Feasible Neighbor Trees: 31
Number of Infeasible Neighbor Trees: 4
Best Possible Feasible Tree Found
('Anc', ('Anc', ('dper_10', (), ()), ('dper_10_1', (), ())), ('Anc', ('dpse_9_1', (), ()), ('Anc', ('dpse_9', (), ()), ('Anc', ('Anc', ('dper_12_1', (), ()), ('Anc', ('dpse_11_1', (), ()), ('Anc', ('dper_12', (), ()), ('dpse_11', (), ())))), ('Anc', ('Anc', ('Anc', ('dvir_21', (), ()), ('Anc', ('dgri_22_1', (), ()), ('dwil_16_1', (), ()))), ('Anc', ('dwil_14_1', (), ()), ('Anc', ('dwil_14', (), ()), ('Anc', ('dwil_17_1', (), ()), ('dwil_17', (), ()))))), ('Anc', ('Anc', ('dana_5_1', (), ()), ('dana_5', (), ())), ('Anc', ('dgri_22', (), ()), ('Anc', ('Anc', ('dmoj_20_1', (), ()), ('dmoj_20', (), ())), ('Anc', ('dvir_21_1', (), ()), ('dwil_16', (), ()))))))))))
Score: 9529

Program End: 3069.372077 seconds

